[2019-09-17 15:42:55.495] [renderer1] [error] Bad progress location: workbench.view.extension.liveshare: Error: Bad progress location: workbench.view.extension.liveshare
    at Proxy.withProgress (file:///usr/share/code/resources/app/out/vs/workbench/workbench.desktop.main.js:5216:256)
    at $.t.instantiationService.createInstance.e [as withProgress] (file:///usr/share/code/resources/app/out/vs/workbench/workbench.desktop.main.js:4886:700)
    at $.getChildren (file:///usr/share/code/resources/app/out/vs/workbench/workbench.desktop.main.js:4892:195)
    at X.<anonymous> (file:///usr/share/code/resources/app/out/vs/workbench/workbench.desktop.main.js:1026:201)
    at Generator.next (<anonymous>)
    at file:///usr/share/code/resources/app/out/vs/workbench/workbench.desktop.main.js:35:566
    at new Promise (<anonymous>)
    at n (file:///usr/share/code/resources/app/out/vs/workbench/workbench.desktop.main.js:35:343)
    at a.createCancelablePromise (file:///usr/share/code/resources/app/out/vs/workbench/workbench.desktop.main.js:1026:138)
    at Object.l [as createCancelablePromise] (file:///usr/share/code/resources/app/out/vs/workbench/workbench.desktop.main.js:128:804)
    at X.doGetChildren (file:///usr/share/code/resources/app/out/vs/workbench/workbench.desktop.main.js:1026:110)
    at X.<anonymous> (file:///usr/share/code/resources/app/out/vs/workbench/workbench.desktop.main.js:1025:740)
    at Generator.next (<anonymous>)
    at file:///usr/share/code/resources/app/out/vs/workbench/workbench.desktop.main.js:35:566
    at new Promise (<anonymous>)
    at n (file:///usr/share/code/resources/app/out/vs/workbench/workbench.desktop.main.js:35:343)
    at X.doRefreshNode (file:///usr/share/code/resources/app/out/vs/workbench/workbench.desktop.main.js:1025:527)
    at X.<anonymous> (file:///usr/share/code/resources/app/out/vs/workbench/workbench.desktop.main.js:1025:385)
    at Generator.next (<anonymous>)
    at file:///usr/share/code/resources/app/out/vs/workbench/workbench.desktop.main.js:35:566
    at new Promise (<anonymous>)
    at n (file:///usr/share/code/resources/app/out/vs/workbench/workbench.desktop.main.js:35:343)
    at X.doRefreshSubTree (file:///usr/share/code/resources/app/out/vs/workbench/workbench.desktop.main.js:1025:316)
    at X.<anonymous> (file:///usr/share/code/resources/app/out/vs/workbench/workbench.desktop.main.js:1025:163)
    at Generator.next (<anonymous>)
    at file:///usr/share/code/resources/app/out/vs/workbench/workbench.desktop.main.js:35:566
    at new Promise (<anonymous>)
    at n (file:///usr/share/code/resources/app/out/vs/workbench/workbench.desktop.main.js:35:343)
    at X.refreshNode (file:///usr/share/code/resources/app/out/vs/workbench/workbench.desktop.main.js:1024:971)
    at X.<anonymous> (file:///usr/share/code/resources/app/out/vs/workbench/workbench.desktop.main.js:1024:731)
    at Generator.next (<anonymous>)
    at file:///usr/share/code/resources/app/out/vs/workbench/workbench.desktop.main.js:35:566
    at new Promise (<anonymous>)
    at n (file:///usr/share/code/resources/app/out/vs/workbench/workbench.desktop.main.js:35:343)
    at X.refreshAndRenderNode (file:///usr/share/code/resources/app/out/vs/workbench/workbench.desktop.main.js:1024:684)
    at X.<anonymous> (file:///usr/share/code/resources/app/out/vs/workbench/workbench.desktop.main.js:1022:62)
    at Generator.next (<anonymous>)
    at file:///usr/share/code/resources/app/out/vs/workbench/workbench.desktop.main.js:35:566
    at new Promise (<anonymous>)
    at n (file:///usr/share/code/resources/app/out/vs/workbench/workbench.desktop.main.js:35:343)
    at X.updateChildren (file:///usr/share/code/resources/app/out/vs/workbench/workbench.desktop.main.js:1021:821)
    at Promise.all.Array.from.map.e (file:///usr/share/code/resources/app/out/vs/workbench/workbench.desktop.main.js:4891:237)
    at Array.map (<anonymous>)
    at K.<anonymous> (file:///usr/share/code/resources/app/out/vs/workbench/workbench.desktop.main.js:4891:228)
    at Generator.next (<anonymous>)
    at file:///usr/share/code/resources/app/out/vs/workbench/workbench.desktop.main.js:35:566
    at new Promise (<anonymous>)
    at n (file:///usr/share/code/resources/app/out/vs/workbench/workbench.desktop.main.js:35:343)
    at K.doRefresh (file:///usr/share/code/resources/app/out/vs/workbench/workbench.desktop.main.js:4891:8)
    at K._register.themeService.onDidFileIconThemeChange (file:///usr/share/code/resources/app/out/vs/workbench/workbench.desktop.main.js:4883:666)
    at d.fire (file:///usr/share/code/resources/app/out/vs/workbench/workbench.desktop.main.js:107:468)
    at V.doSetFileIconTheme (file:///usr/share/code/resources/app/out/vs/workbench/workbench.desktop.main.js:4622:717)
    at e (file:///usr/share/code/resources/app/out/vs/workbench/workbench.desktop.main.js:4621:711)
    at R (file:///usr/share/code/resources/app/out/vs/workbench/workbench.desktop.main.js:4611:724)
    at i.ensureLoaded.then.e (file:///usr/share/code/resources/app/out/vs/workbench/workbench.desktop.main.js:4621:698)
[2019-09-17 15:43:04.301] [renderer1] [error] Failed to execute git
[2019-09-17 15:43:46.607] [renderer1] [error] Failed to execute git
